[debug] [2018-12-03T16:39:29.362Z] ----------------------------------------------------------------------
[debug] [2018-12-03T16:39:29.365Z] Command:       C:\Program Files\nodejs\node.exe C:\Users\fdyck\AppData\Roaming\npm\node_modules\firebase-tools\lib\bin\firebase.js init
[debug] [2018-12-03T16:39:29.366Z] CLI Version:   6.1.1
[debug] [2018-12-03T16:39:29.366Z] Platform:      win32
[debug] [2018-12-03T16:39:29.366Z] Node Version:  v10.13.0
[debug] [2018-12-03T16:39:29.367Z] Time:          Mon Dec 03 2018 11:39:29 GMT-0500 (Eastern Standard Time)
[debug] [2018-12-03T16:39:29.367Z] ----------------------------------------------------------------------
[debug] 
[debug] [2018-12-03T16:39:29.381Z] > command requires scopes: ["email","openid","https://www.googleapis.com/auth/cloudplatformprojects.readonly","https://www.googleapis.com/auth/firebase","https://www.googleapis.com/auth/cloud-platform"]
[debug] [2018-12-03T16:39:29.383Z] > authorizing via signed-in user
[info] 
     ######## #### ########  ######## ########     ###     ######  ########
     ##        ##  ##     ## ##       ##     ##  ##   ##  ##       ##
     ######    ##  ########  ######   ########  #########  ######  ######
     ##        ##  ##    ##  ##       ##     ## ##     ##       ## ##
     ##       #### ##     ## ######## ########  ##     ##  ######  ########

You're about to initialize a Firebase project in this directory:

  C:\Users\fdyck\Desktop\HackerYou\hackeryou-bootcamp\Projects\foster_dyck_project5

[info] 
=== Project Setup
[info] 
[info] First, let's associate this project directory with a Firebase project.
[info] You can create multiple project aliases by running firebase use --add, 
[info] but for now we'll just set up a default project.
[info] 
[debug] [2018-12-03T16:39:58.682Z] > refreshing access token with scopes: ["email","https://www.googleapis.com/auth/cloud-platform","https://www.googleapis.com/auth/cloudplatformprojects.readonly","https://www.googleapis.com/auth/firebase","openid"]
[debug] [2018-12-03T16:39:58.682Z] >>> HTTP REQUEST POST https://www.googleapis.com/oauth2/v3/token  
 <request body omitted>
[debug] [2018-12-03T16:39:58.897Z] <<< HTTP RESPONSE 200
[debug] [2018-12-03T16:39:58.921Z] >>> HTTP REQUEST GET https://firebase.googleapis.com/v1beta1/projects?page_size=100  
 
[debug] [2018-12-03T16:39:59.322Z] <<< HTTP RESPONSE 200
